Determining if the pthread_create exist failed with the following output:
Change Dir: /home/ubuntu/zhq/Mobilenet-tensor/CMakeFiles/CMakeTmp

Run Build Command:"/usr/bin/make" "cmTC_c9512/fast"
/usr/bin/make -f CMakeFiles/cmTC_c9512.dir/build.make CMakeFiles/cmTC_c9512.dir/build
make[1]: Entering directory '/data1/zhq/Mobilenet-tensor/CMakeFiles/CMakeTmp'
Building C object CMakeFiles/cmTC_c9512.dir/CheckSymbolExists.c.o
/usr/bin/cc    -fPIC    -o CMakeFiles/cmTC_c9512.dir/CheckSymbolExists.c.o   -c /home/ubuntu/zhq/Mobilenet-tensor/CMakeFiles/CMakeTmp/CheckSymbolExists.c
Linking C executable cmTC_c9512
/usr/bin/cmake -E cmake_link_script CMakeFiles/cmTC_c9512.dir/link.txt --verbose=1
/usr/bin/cc  -fPIC     CMakeFiles/cmTC_c9512.dir/CheckSymbolExists.c.o  -o cmTC_c9512 -rdynamic 
CMakeFiles/cmTC_c9512.dir/CheckSymbolExists.c.o: In function `main':
CheckSymbolExists.c:(.text+0x1b): undefined reference to `pthread_create'
collect2: error: ld returned 1 exit status
CMakeFiles/cmTC_c9512.dir/build.make:97: recipe for target 'cmTC_c9512' failed
make[1]: *** [cmTC_c9512] Error 1
make[1]: Leaving directory '/data1/zhq/Mobilenet-tensor/CMakeFiles/CMakeTmp'
Makefile:126: recipe for target 'cmTC_c9512/fast' failed
make: *** [cmTC_c9512/fast] Error 2

File /home/ubuntu/zhq/Mobilenet-tensor/CMakeFiles/CMakeTmp/CheckSymbolExists.c:
/* */
#include <pthread.h>

int main(int argc, char** argv)
{
  (void)argv;
#ifndef pthread_create
  return ((int*)(&pthread_create))[argc];
#else
  (void)argc;
  return 0;
#endif
}

Determining if the function pthread_create exists in the pthreads failed with the following output:
Change Dir: /home/ubuntu/zhq/Mobilenet-tensor/CMakeFiles/CMakeTmp

Run Build Command:"/usr/bin/make" "cmTC_da4eb/fast"
/usr/bin/make -f CMakeFiles/cmTC_da4eb.dir/build.make CMakeFiles/cmTC_da4eb.dir/build
make[1]: Entering directory '/data1/zhq/Mobilenet-tensor/CMakeFiles/CMakeTmp'
Building C object CMakeFiles/cmTC_da4eb.dir/CheckFunctionExists.c.o
/usr/bin/cc    -fPIC -DCHECK_FUNCTION_EXISTS=pthread_create   -o CMakeFiles/cmTC_da4eb.dir/CheckFunctionExists.c.o   -c /usr/share/cmake-3.5/Modules/CheckFunctionExists.c
Linking C executable cmTC_da4eb
/usr/bin/cmake -E cmake_link_script CMakeFiles/cmTC_da4eb.dir/link.txt --verbose=1
/usr/bin/cc  -fPIC -DCHECK_FUNCTION_EXISTS=pthread_create    CMakeFiles/cmTC_da4eb.dir/CheckFunctionExists.c.o  -o cmTC_da4eb -rdynamic -lpthreads 
/usr/bin/ld: cannot find -lpthreads
collect2: error: ld returned 1 exit status
CMakeFiles/cmTC_da4eb.dir/build.make:97: recipe for target 'cmTC_da4eb' failed
make[1]: *** [cmTC_da4eb] Error 1
make[1]: Leaving directory '/data1/zhq/Mobilenet-tensor/CMakeFiles/CMakeTmp'
Makefile:126: recipe for target 'cmTC_da4eb/fast' failed
make: *** [cmTC_da4eb/fast] Error 2


